<?xml version="1.0" encoding="UTF-8"?>
<testng-results ignored="0" total="1" passed="1" failed="0" skipped="0">
  <reporter-output>
  </reporter-output>
  <suite started-at="2023-12-16T00:16:14 IST" name="Default suite" finished-at="2023-12-16T00:16:19 IST" duration-ms="4353">
    <groups>
    </groups>
    <test started-at="2023-12-16T00:16:14 IST" name="Default test" finished-at="2023-12-16T00:16:19 IST" duration-ms="4353">
      <class name="com.practice.DropDownPractise">
        <test-method signature="dropDown()[pri:0, instance:com.practice.DropDownPractise@3cebbb30]" started-at="2023-12-16T00:16:14 IST" name="dropDown" finished-at="2023-12-16T00:16:19 IST" duration-ms="4340" status="PASS">
          <reporter-output>
          </reporter-output>
        </test-method> <!-- dropDown -->
      </class> <!-- com.practice.DropDownPractise -->
    </test> <!-- Default test -->
  </suite> <!-- Default suite -->
</testng-results>
