<?xml version="1.0" encoding="UTF-8"?>
<testng-results ignored="0" total="1" passed="1" failed="0" skipped="0">
  <reporter-output>
  </reporter-output>
  <suite started-at="2023-12-16T15:31:05 IST" name="Default suite" finished-at="2023-12-16T15:31:09 IST" duration-ms="3854">
    <groups>
    </groups>
    <test started-at="2023-12-16T15:31:05 IST" name="Default test" finished-at="2023-12-16T15:31:09 IST" duration-ms="3854">
      <class name="com.practice.FrameTest">
        <test-method signature="drag_And_Drop()[pri:0, instance:com.practice.FrameTest@1e1a0406]" started-at="2023-12-16T15:31:06 IST" name="drag_And_Drop" finished-at="2023-12-16T15:31:09 IST" duration-ms="3841" status="PASS">
          <reporter-output>
          </reporter-output>
        </test-method> <!-- drag_And_Drop -->
      </class> <!-- com.practice.FrameTest -->
    </test> <!-- Default test -->
  </suite> <!-- Default suite -->
</testng-results>
