<?xml version="1.0" encoding="UTF-8"?>
<!-- Generated by org.testng.reporters.JUnitXMLReporter -->
<testsuite ignored="0" hostname="Narayanans-MacBook-Air.local" failures="0" tests="7" name="Test" time="45.418" errors="0" timestamp="2023-12-16T14:46:01 IST">
  <testcase classname="com.practice.Alerts" name="alerts_Tests" time="3.381"/>
  <testcase classname="com.practice.SelIntro" name="selenium_Intro" time="10.121"/>
  <testcase classname="com.practice.E2E_Flight_Booking_Automation" name="flight_Bookin" time="7.078"/>
  <testcase classname="com.practice.E2E_Green_Kart_Automation" name="green_Kart" time="10.738"/>
  <testcase classname="com.practice.DropDownPractise" name="dropDown" time="7.161"/>
  <testcase classname="com.practice.Actions_Examples" name="mouse_Over" time="3.758"/>
  <testcase classname="com.practice.WindowHandles" name="parent_To_Child_Examples" time="3.161"/>
</testsuite> <!-- Test -->
